2016-12-27 11:57:37,993 main WARN  Exception encountered during context initialization - cancelling refresh attempt: org.springframework.context.ApplicationContextException: Unable to start embedded container; nested exception is org.springframework.boot.context.embedded.EmbeddedServletContainerException: Unable to start embedded Tomcat
2016-12-27 11:57:38,002 main ERROR Application startup failed
org.springframework.context.ApplicationContextException: Unable to start embedded container; nested exception is org.springframework.boot.context.embedded.EmbeddedServletContainerException: Unable to start embedded Tomcat
	at org.springframework.boot.context.embedded.EmbeddedWebApplicationContext.onRefresh(EmbeddedWebApplicationContext.java:137)
	at org.springframework.context.support.AbstractApplicationContext.refresh(AbstractApplicationContext.java:536)
	at org.springframework.boot.context.embedded.EmbeddedWebApplicationContext.refresh(EmbeddedWebApplicationContext.java:122)
	at org.springframework.boot.SpringApplication.refresh(SpringApplication.java:761)
	at org.springframework.boot.SpringApplication.refreshContext(SpringApplication.java:371)
	at org.springframework.boot.SpringApplication.run(SpringApplication.java:315)
	at org.springframework.boot.SpringApplication.run(SpringApplication.java:1186)
	at org.springframework.boot.SpringApplication.run(SpringApplication.java:1175)
	at com.global.GbackendApplication.main(GbackendApplication.java:10)
Caused by: org.springframework.boot.context.embedded.EmbeddedServletContainerException: Unable to start embedded Tomcat
	at org.springframework.boot.context.embedded.tomcat.TomcatEmbeddedServletContainer.initialize(TomcatEmbeddedServletContainer.java:115)
	at org.springframework.boot.context.embedded.tomcat.TomcatEmbeddedServletContainer.<init>(TomcatEmbeddedServletContainer.java:82)
	at org.springframework.boot.context.embedded.tomcat.TomcatEmbeddedServletContainerFactory.getTomcatEmbeddedServletContainer(TomcatEmbeddedServletContainerFactory.java:535)
	at org.springframework.boot.context.embedded.tomcat.TomcatEmbeddedServletContainerFactory.getEmbeddedServletContainer(TomcatEmbeddedServletContainerFactory.java:177)
	at org.springframework.boot.context.embedded.EmbeddedWebApplicationContext.createEmbeddedServletContainer(EmbeddedWebApplicationContext.java:164)
	at org.springframework.boot.context.embedded.EmbeddedWebApplicationContext.onRefresh(EmbeddedWebApplicationContext.java:134)
	... 8 more
Caused by: org.apache.catalina.LifecycleException: Failed to start component [StandardServer[-1]]
	at org.apache.catalina.util.LifecycleBase.start(LifecycleBase.java:167)
	at org.apache.catalina.startup.Tomcat.start(Tomcat.java:356)
	at org.springframework.boot.context.embedded.tomcat.TomcatEmbeddedServletContainer.initialize(TomcatEmbeddedServletContainer.java:96)
	... 13 more
Caused by: org.apache.catalina.LifecycleException: Failed to start component [StandardService[Tomcat]]
	at org.apache.catalina.util.LifecycleBase.start(LifecycleBase.java:167)
	at org.apache.catalina.core.StandardServer.startInternal(StandardServer.java:791)
	at org.apache.catalina.util.LifecycleBase.start(LifecycleBase.java:150)
	... 15 more
Caused by: org.apache.catalina.LifecycleException: Failed to start component [StandardEngine[Tomcat]]
	at org.apache.catalina.util.LifecycleBase.start(LifecycleBase.java:167)
	at org.apache.catalina.core.StandardService.startInternal(StandardService.java:422)
	at org.apache.catalina.util.LifecycleBase.start(LifecycleBase.java:150)
	... 17 more
Caused by: org.apache.catalina.LifecycleException: A child container failed during start
	at org.apache.catalina.core.ContainerBase.startInternal(ContainerBase.java:919)
	at org.apache.catalina.core.StandardEngine.startInternal(StandardEngine.java:262)
	at org.apache.catalina.util.LifecycleBase.start(LifecycleBase.java:150)
	... 19 more
